[12-Mar-2023 04:53:15 Asia/Tokyo] PHP Notice:  Only variables should be passed by reference in /var/www/html/user/action/register.php on line 17
[12-Mar-2023 05:00:44 Asia/Tokyo] PHP Notice:  Only variables should be passed by reference in /var/www/html/user/action/register.php on line 17
[13-Mar-2023 19:28:14 Asia/Tokyo] PHP Notice:  Only variables should be passed by reference in /var/www/html/user/action/register.php on line 20
[16-Mar-2023 03:45:10 Asia/Tokyo] PHP Notice:  Undefined variable: user_mail in /var/www/html/user/action/register.php on line 35
[16-Mar-2023 03:46:25 Asia/Tokyo] PHP Notice:  Undefined variable: user_mail in /var/www/html/user/action/register.php on line 35
[16-Mar-2023 03:46:46 Asia/Tokyo] PHP Notice:  Undefined variable: user_mail in /var/www/html/user/action/register.php on line 35
[16-Mar-2023 03:46:46 Asia/Tokyo] PHP Notice:  Only variables should be passed by reference in /var/www/html/user/action/register.php on line 53
[16-Mar-2023 03:48:00 Asia/Tokyo] PHP Notice:  Undefined variable: user_mail in /var/www/html/user/action/register.php on line 35
[16-Mar-2023 03:48:00 Asia/Tokyo] PHP Notice:  Only variables should be passed by reference in /var/www/html/user/action/register.php on line 53
[16-Mar-2023 05:28:15 Asia/Tokyo] PHP Notice:  Only variables should be passed by reference in /var/www/html/user/action/register.php on line 53
[16-Mar-2023 05:31:12 Asia/Tokyo] PHP Notice:  Only variables should be passed by reference in /var/www/html/user/action/register.php on line 53
[19-Mar-2023 03:59:23 Asia/Tokyo] PHP Fatal error:  Uncaught Error: Call to undefined function getLoginUserId() in /var/www/html/memo/action/add.php:12
Stack trace:
#0 {main}
  thrown in /var/www/html/memo/action/add.php on line 12
[19-Mar-2023 04:04:01 Asia/Tokyo] PHP Fatal error:  Uncaught Error: Call to undefined function getLoginUserId() in /var/www/html/memo/action/add.php:11
Stack trace:
#0 {main}
  thrown in /var/www/html/memo/action/add.php on line 11
[21-Mar-2023 15:37:01 Asia/Tokyo] PHP Warning:  require(../../common/database.app): failed to open stream: No such file or directory in /var/www/html/memo/action/update.php on line 4
[21-Mar-2023 15:37:01 Asia/Tokyo] PHP Fatal error:  require(): Failed opening required '../../common/database.app' (include_path='.:/usr/local/lib/php') in /var/www/html/memo/action/update.php on line 4
[21-Mar-2023 15:37:48 Asia/Tokyo] PHP Notice:  Only variables should be passed by reference in /var/www/html/memo/action/update.php on line 21
[21-Mar-2023 15:37:48 Asia/Tokyo] PHP Notice:  Only variables should be passed by reference in /var/www/html/memo/action/update.php on line 22
[21-Mar-2023 18:04:51 Asia/Tokyo] PHP Notice:  Only variables should be passed by reference in /var/www/html/memo/action/update.php on line 21
[21-Mar-2023 18:04:51 Asia/Tokyo] PHP Notice:  Only variables should be passed by reference in /var/www/html/memo/action/update.php on line 22
[21-Mar-2023 18:05:16 Asia/Tokyo] PHP Notice:  Only variables should be passed by reference in /var/www/html/memo/action/update.php on line 21
[21-Mar-2023 18:05:16 Asia/Tokyo] PHP Notice:  Only variables should be passed by reference in /var/www/html/memo/action/update.php on line 22
[21-Mar-2023 18:05:39 Asia/Tokyo] PHP Notice:  Only variables should be passed by reference in /var/www/html/memo/action/update.php on line 21
[21-Mar-2023 18:05:39 Asia/Tokyo] PHP Notice:  Only variables should be passed by reference in /var/www/html/memo/action/update.php on line 22
