2023-03-11T05:35:05.733687Z 0 [Warning] TIMESTAMP with implicit DEFAULT value is deprecated. Please use --explicit_defaults_for_timestamp server option (see documentation for more details).
2023-03-11T05:35:05.760993Z 0 [Warning] Setting lower_case_table_names=2 because file system for /var/lib/mysql/ is case insensitive
2023-03-11T05:35:08.617300Z 0 [Warning] InnoDB: New log files created, LSN=45790
2023-03-11T05:35:09.395071Z 0 [Warning] InnoDB: Creating foreign key constraint system tables.
2023-03-11T05:35:09.501267Z 0 [Warning] No existing UUID has been found, so we assume that this is the first time that this server has been started. Generating a new UUID: 7cb8e03d-bfce-11ed-a487-0242ac130002.
2023-03-11T05:35:09.514869Z 0 [Warning] Gtid table is not ready to be used. Table 'mysql.gtid_executed' cannot be opened.
2023-03-11T05:35:09.946021Z 0 [Warning] A deprecated TLS version TLSv1 is enabled. Please use TLSv1.2 or higher.
2023-03-11T05:35:09.946999Z 0 [Warning] A deprecated TLS version TLSv1.1 is enabled. Please use TLSv1.2 or higher.
2023-03-11T05:35:09.958504Z 0 [Warning] CA certificate ca.pem is self signed.
2023-03-11T05:35:10.104667Z 1 [Warning] root@localhost is created with an empty password ! Please consider switching off the --initialize-insecure option.
2023-03-11T05:35:25.189186Z 0 [Warning] TIMESTAMP with implicit DEFAULT value is deprecated. Please use --explicit_defaults_for_timestamp server option (see documentation for more details).
2023-03-11T05:35:25.207425Z 0 [Note] mysqld (mysqld 5.7.41) starting as process 126 ...
2023-03-11T05:35:25.229342Z 0 [Warning] Setting lower_case_table_names=2 because file system for /var/lib/mysql/ is case insensitive
2023-03-11T05:35:25.241532Z 0 [Note] InnoDB: PUNCH HOLE support available
2023-03-11T05:35:25.242938Z 0 [Note] InnoDB: Mutexes and rw_locks use GCC atomic builtins
2023-03-11T05:35:25.244521Z 0 [Note] InnoDB: Uses event mutexes
2023-03-11T05:35:25.246153Z 0 [Note] InnoDB: GCC builtin __atomic_thread_fence() is used for memory barrier
2023-03-11T05:35:25.249275Z 0 [Note] InnoDB: Compressed tables use zlib 1.2.12
2023-03-11T05:35:25.251680Z 0 [Note] InnoDB: Using Linux native AIO
2023-03-11T05:35:25.254906Z 0 [Note] InnoDB: Number of pools: 1
2023-03-11T05:35:25.256779Z 0 [Note] InnoDB: Using CPU crc32 instructions
2023-03-11T05:35:25.267630Z 0 [Note] InnoDB: Initializing buffer pool, total size = 128M, instances = 1, chunk size = 128M
2023-03-11T05:35:25.371278Z 0 [Note] InnoDB: Completed initialization of buffer pool
2023-03-11T05:35:25.422641Z 0 [Note] InnoDB: If the mysqld execution user is authorized, page cleaner thread priority can be changed. See the man page of setpriority().
2023-03-11T05:35:25.697056Z 0 [Note] InnoDB: Highest supported file format is Barracuda.
2023-03-11T05:35:26.080951Z 0 [Note] InnoDB: Creating shared tablespace for temporary tables
2023-03-11T05:35:26.088008Z 0 [Note] InnoDB: Setting file './ibtmp1' size to 12 MB. Physically writing the file full; Please wait ...
2023-03-11T05:35:26.319930Z 0 [Note] InnoDB: File './ibtmp1' size is now 12 MB.
2023-03-11T05:35:26.329578Z 0 [Note] InnoDB: 96 redo rollback segment(s) found. 96 redo rollback segment(s) are active.
2023-03-11T05:35:26.331361Z 0 [Note] InnoDB: 32 non-redo rollback segment(s) are active.
2023-03-11T05:35:26.333064Z 0 [Note] InnoDB: Waiting for purge to start
2023-03-11T05:35:26.385310Z 0 [Note] InnoDB: 5.7.41 started; log sequence number 2763093
2023-03-11T05:35:26.390363Z 0 [Note] Plugin 'FEDERATED' is disabled.
2023-03-11T05:35:26.390430Z 0 [Note] InnoDB: Loading buffer pool(s) from /var/lib/mysql/ib_buffer_pool
2023-03-11T05:35:26.534454Z 0 [Note] Found ca.pem, server-cert.pem and server-key.pem in data directory. Trying to enable SSL support using them.
2023-03-11T05:35:26.541692Z 0 [Note] Skipping generation of SSL certificates as certificate files are present in data directory.
2023-03-11T05:35:26.544188Z 0 [Warning] A deprecated TLS version TLSv1 is enabled. Please use TLSv1.2 or higher.
2023-03-11T05:35:26.547550Z 0 [Warning] A deprecated TLS version TLSv1.1 is enabled. Please use TLSv1.2 or higher.
2023-03-11T05:35:26.551412Z 0 [Note] InnoDB: Buffer pool(s) load completed at 230311 14:35:26
2023-03-11T05:35:26.563922Z 0 [Warning] CA certificate ca.pem is self signed.
2023-03-11T05:35:26.565875Z 0 [Note] Skipping generation of RSA key pair as key files are present in data directory.
2023-03-11T05:35:26.641859Z 0 [Warning] Insecure configuration for --pid-file: Location '/var/run/mysqld' in the path is accessible to all OS users. Consider choosing a different directory.
2023-03-11T05:35:27.162394Z 0 [Note] Event Scheduler: Loaded 0 events
2023-03-11T05:35:27.164481Z 0 [Note] mysqld: ready for connections.
Version: '5.7.41'  socket: '/var/run/mysqld/mysqld.sock'  port: 0  MySQL Community Server (GPL)
2023-03-11T05:35:27.271917Z 3 [Note] InnoDB: Stopping purge
2023-03-11T05:35:27.292085Z 3 [Note] InnoDB: Resuming purge
2023-03-11T05:35:27.310088Z 3 [Note] InnoDB: Stopping purge
2023-03-11T05:35:27.322586Z 3 [Note] InnoDB: Resuming purge
2023-03-11T05:35:27.341199Z 3 [Note] InnoDB: Stopping purge
2023-03-11T05:35:27.352026Z 3 [Note] InnoDB: Resuming purge
2023-03-11T05:35:27.367974Z 3 [Note] InnoDB: Stopping purge
2023-03-11T05:35:27.378467Z 3 [Note] InnoDB: Resuming purge
2023-03-11T05:35:32.193260Z 0 [Note] Giving 0 client threads a chance to die gracefully
2023-03-11T05:35:32.195090Z 0 [Note] Shutting down slave threads
2023-03-11T05:35:32.196165Z 0 [Note] Forcefully disconnecting 0 remaining clients
2023-03-11T05:35:32.197474Z 0 [Note] Event Scheduler: Purging the queue. 0 events
2023-03-11T05:35:32.198783Z 0 [Note] Binlog end
2023-03-11T05:35:32.203612Z 0 [Note] Shutting down plugin 'ngram'
2023-03-11T05:35:32.205088Z 0 [Note] Shutting down plugin 'partition'
2023-03-11T05:35:32.206161Z 0 [Note] Shutting down plugin 'BLACKHOLE'
2023-03-11T05:35:32.207222Z 0 [Note] Shutting down plugin 'ARCHIVE'
2023-03-11T05:35:32.208291Z 0 [Note] Shutting down plugin 'PERFORMANCE_SCHEMA'
2023-03-11T05:35:32.209629Z 0 [Note] Shutting down plugin 'MRG_MYISAM'
2023-03-11T05:35:32.211363Z 0 [Note] Shutting down plugin 'MyISAM'
2023-03-11T05:35:32.213421Z 0 [Note] Shutting down plugin 'INNODB_SYS_VIRTUAL'
2023-03-11T05:35:32.214819Z 0 [Note] Shutting down plugin 'INNODB_SYS_DATAFILES'
2023-03-11T05:35:32.216173Z 0 [Note] Shutting down plugin 'INNODB_SYS_TABLESPACES'
2023-03-11T05:35:32.217444Z 0 [Note] Shutting down plugin 'INNODB_SYS_FOREIGN_COLS'
2023-03-11T05:35:32.218768Z 0 [Note] Shutting down plugin 'INNODB_SYS_FOREIGN'
2023-03-11T05:35:32.220062Z 0 [Note] Shutting down plugin 'INNODB_SYS_FIELDS'
2023-03-11T05:35:32.221152Z 0 [Note] Shutting down plugin 'INNODB_SYS_COLUMNS'
2023-03-11T05:35:32.222099Z 0 [Note] Shutting down plugin 'INNODB_SYS_INDEXES'
2023-03-11T05:35:32.222972Z 0 [Note] Shutting down plugin 'INNODB_SYS_TABLESTATS'
2023-03-11T05:35:32.224211Z 0 [Note] Shutting down plugin 'INNODB_SYS_TABLES'
2023-03-11T05:35:32.225151Z 0 [Note] Shutting down plugin 'INNODB_FT_INDEX_TABLE'
2023-03-11T05:35:32.226344Z 0 [Note] Shutting down plugin 'INNODB_FT_INDEX_CACHE'
2023-03-11T05:35:32.227455Z 0 [Note] Shutting down plugin 'INNODB_FT_CONFIG'
2023-03-11T05:35:32.228428Z 0 [Note] Shutting down plugin 'INNODB_FT_BEING_DELETED'
2023-03-11T05:35:32.229299Z 0 [Note] Shutting down plugin 'INNODB_FT_DELETED'
2023-03-11T05:35:32.230427Z 0 [Note] Shutting down plugin 'INNODB_FT_DEFAULT_STOPWORD'
2023-03-11T05:35:32.231514Z 0 [Note] Shutting down plugin 'INNODB_METRICS'
2023-03-11T05:35:32.232283Z 0 [Note] Shutting down plugin 'INNODB_TEMP_TABLE_INFO'
2023-03-11T05:35:32.233245Z 0 [Note] Shutting down plugin 'INNODB_BUFFER_POOL_STATS'
2023-03-11T05:35:32.234343Z 0 [Note] Shutting down plugin 'INNODB_BUFFER_PAGE_LRU'
2023-03-11T05:35:32.235431Z 0 [Note] Shutting down plugin 'INNODB_BUFFER_PAGE'
2023-03-11T05:35:32.236306Z 0 [Note] Shutting down plugin 'INNODB_CMP_PER_INDEX_RESET'
2023-03-11T05:35:32.237698Z 0 [Note] Shutting down plugin 'INNODB_CMP_PER_INDEX'
2023-03-11T05:35:32.239426Z 0 [Note] Shutting down plugin 'INNODB_CMPMEM_RESET'
2023-03-11T05:35:32.241141Z 0 [Note] Shutting down plugin 'INNODB_CMPMEM'
2023-03-11T05:35:32.245289Z 0 [Note] Shutting down plugin 'INNODB_CMP_RESET'
2023-03-11T05:35:32.246628Z 0 [Note] Shutting down plugin 'INNODB_CMP'
2023-03-11T05:35:32.247877Z 0 [Note] Shutting down plugin 'INNODB_LOCK_WAITS'
2023-03-11T05:35:32.249076Z 0 [Note] Shutting down plugin 'INNODB_LOCKS'
2023-03-11T05:35:32.250789Z 0 [Note] Shutting down plugin 'INNODB_TRX'
2023-03-11T05:35:32.252163Z 0 [Note] Shutting down plugin 'InnoDB'
2023-03-11T05:35:32.253550Z 0 [Note] InnoDB: FTS optimize thread exiting.
2023-03-11T05:35:32.255893Z 0 [Note] InnoDB: Starting shutdown...
2023-03-11T05:35:32.360833Z 0 [Note] InnoDB: Dumping buffer pool(s) to /var/lib/mysql/ib_buffer_pool
2023-03-11T05:35:32.381139Z 0 [Note] InnoDB: Buffer pool(s) dump completed at 230311 14:35:32
2023-03-11T05:35:34.305751Z 0 [Note] InnoDB: Shutdown completed; log sequence number 12185349
2023-03-11T05:35:34.311297Z 0 [Note] InnoDB: Removed temporary tablespace data file: "ibtmp1"
2023-03-11T05:35:34.313485Z 0 [Note] Shutting down plugin 'MEMORY'
2023-03-11T05:35:34.315589Z 0 [Note] Shutting down plugin 'CSV'
2023-03-11T05:35:34.316913Z 0 [Note] Shutting down plugin 'sha256_password'
2023-03-11T05:35:34.318516Z 0 [Note] Shutting down plugin 'mysql_native_password'
2023-03-11T05:35:34.320331Z 0 [Note] Shutting down plugin 'binlog'
2023-03-11T05:35:34.326579Z 0 [Note] mysqld: Shutdown complete

2023-03-11T05:35:35.425613Z 0 [Warning] TIMESTAMP with implicit DEFAULT value is deprecated. Please use --explicit_defaults_for_timestamp server option (see documentation for more details).
2023-03-11T05:35:35.436723Z 0 [Note] mysqld (mysqld 5.7.41) starting as process 1 ...
2023-03-11T05:35:35.450366Z 0 [Warning] Setting lower_case_table_names=2 because file system for /var/lib/mysql/ is case insensitive
2023-03-11T05:35:35.457827Z 0 [Note] InnoDB: PUNCH HOLE support available
2023-03-11T05:35:35.458950Z 0 [Note] InnoDB: Mutexes and rw_locks use GCC atomic builtins
2023-03-11T05:35:35.460068Z 0 [Note] InnoDB: Uses event mutexes
2023-03-11T05:35:35.460898Z 0 [Note] InnoDB: GCC builtin __atomic_thread_fence() is used for memory barrier
2023-03-11T05:35:35.462202Z 0 [Note] InnoDB: Compressed tables use zlib 1.2.12
2023-03-11T05:35:35.463135Z 0 [Note] InnoDB: Using Linux native AIO
2023-03-11T05:35:35.464661Z 0 [Note] InnoDB: Number of pools: 1
2023-03-11T05:35:35.466034Z 0 [Note] InnoDB: Using CPU crc32 instructions
2023-03-11T05:35:35.469234Z 0 [Note] InnoDB: Initializing buffer pool, total size = 128M, instances = 1, chunk size = 128M
2023-03-11T05:35:35.485661Z 0 [Note] InnoDB: Completed initialization of buffer pool
2023-03-11T05:35:35.491939Z 0 [Note] InnoDB: If the mysqld execution user is authorized, page cleaner thread priority can be changed. See the man page of setpriority().
2023-03-11T05:35:35.609758Z 0 [Note] InnoDB: Highest supported file format is Barracuda.
2023-03-11T05:35:35.802668Z 0 [Note] InnoDB: Creating shared tablespace for temporary tables
2023-03-11T05:35:35.808890Z 0 [Note] InnoDB: Setting file './ibtmp1' size to 12 MB. Physically writing the file full; Please wait ...
2023-03-11T05:35:36.055593Z 0 [Note] InnoDB: File './ibtmp1' size is now 12 MB.
2023-03-11T05:35:36.064733Z 0 [Note] InnoDB: 96 redo rollback segment(s) found. 96 redo rollback segment(s) are active.
2023-03-11T05:35:36.065946Z 0 [Note] InnoDB: 32 non-redo rollback segment(s) are active.
2023-03-11T05:35:36.067913Z 0 [Note] InnoDB: Waiting for purge to start
2023-03-11T05:35:36.119871Z 0 [Note] InnoDB: 5.7.41 started; log sequence number 12185349
2023-03-11T05:35:36.123229Z 0 [Note] InnoDB: Loading buffer pool(s) from /var/lib/mysql/ib_buffer_pool
2023-03-11T05:35:36.123543Z 0 [Note] Plugin 'FEDERATED' is disabled.
2023-03-11T05:35:36.191535Z 0 [Note] Found ca.pem, server-cert.pem and server-key.pem in data directory. Trying to enable SSL support using them.
2023-03-11T05:35:36.193270Z 0 [Note] Skipping generation of SSL certificates as certificate files are present in data directory.
2023-03-11T05:35:36.195697Z 0 [Warning] A deprecated TLS version TLSv1 is enabled. Please use TLSv1.2 or higher.
2023-03-11T05:35:36.200261Z 0 [Warning] A deprecated TLS version TLSv1.1 is enabled. Please use TLSv1.2 or higher.
2023-03-11T05:35:36.217557Z 0 [Warning] CA certificate ca.pem is self signed.
2023-03-11T05:35:36.221470Z 0 [Note] Skipping generation of RSA key pair as key files are present in data directory.
2023-03-11T05:35:36.228630Z 0 [Note] Server hostname (bind-address): '*'; port: 3306
2023-03-11T05:35:36.232513Z 0 [Note] IPv6 is available.
2023-03-11T05:35:36.237352Z 0 [Note]   - '::' resolves to '::';
2023-03-11T05:35:36.240453Z 0 [Note] Server socket created on IP: '::'.
2023-03-11T05:35:36.247036Z 0 [Warning] Insecure configuration for --pid-file: Location '/var/run/mysqld' in the path is accessible to all OS users. Consider choosing a different directory.
2023-03-11T05:35:36.301040Z 0 [Note] InnoDB: Buffer pool(s) load completed at 230311 14:35:36
2023-03-11T05:35:36.714124Z 0 [Note] Event Scheduler: Loaded 0 events
2023-03-11T05:35:36.715495Z 0 [Note] mysqld: ready for connections.
Version: '5.7.41'  socket: '/var/run/mysqld/mysqld.sock'  port: 3306  MySQL Community Server (GPL)
2023-03-11T05:52:46.129892Z 0 [Note] InnoDB: page_cleaner: 1000ms intended loop took 418973ms. The settings might not be optimal. (flushed=0 and evicted=0, during the time.)
2023-03-11T08:50:02.902727Z 0 [Note] InnoDB: page_cleaner: 1000ms intended loop took 48372ms. The settings might not be optimal. (flushed=0 and evicted=0, during the time.)
2023-03-11T08:54:50.840774Z 0 [Note] InnoDB: page_cleaner: 1000ms intended loop took 253793ms. The settings might not be optimal. (flushed=0 and evicted=0, during the time.)
2023-03-11T08:57:09.844786Z 0 [Note] InnoDB: page_cleaner: 1000ms intended loop took 105940ms. The settings might not be optimal. (flushed=0 and evicted=0, during the time.)
2023-03-11T09:11:54.922846Z 0 [Note] InnoDB: page_cleaner: 1000ms intended loop took 858645ms. The settings might not be optimal. (flushed=0 and evicted=0, during the time.)
2023-03-11T10:36:09.944984Z 0 [Note] InnoDB: page_cleaner: 1000ms intended loop took 5024426ms. The settings might not be optimal. (flushed=0 and evicted=0, during the time.)
2023-03-11T12:37:41.689038Z 0 [Note] InnoDB: page_cleaner: 1000ms intended loop took 1236974ms. The settings might not be optimal. (flushed=0 and evicted=0, during the time.)
2023-03-11T21:06:45.093341Z 0 [Note] InnoDB: page_cleaner: 1000ms intended loop took 1669303ms. The settings might not be optimal. (flushed=0 and evicted=0, during the time.)
2023-03-11T21:24:48.262298Z 0 [Note] InnoDB: page_cleaner: 1000ms intended loop took 1032098ms. The settings might not be optimal. (flushed=0 and evicted=0, during the time.)
2023-03-11T22:38:08.300940Z 0 [Note] InnoDB: page_cleaner: 1000ms intended loop took 4279959ms. The settings might not be optimal. (flushed=0 and evicted=0, during the time.)
2023-03-11T22:55:30.412741Z 0 [Note] InnoDB: page_cleaner: 1000ms intended loop took 954975ms. The settings might not be optimal. (flushed=0 and evicted=0, during the time.)
2023-03-12T00:04:30.291581Z 0 [Note] InnoDB: page_cleaner: 1000ms intended loop took 4090988ms. The settings might not be optimal. (flushed=0 and evicted=0, during the time.)
2023-03-12T01:21:45.644141Z 0 [Note] InnoDB: page_cleaner: 1000ms intended loop took 4583382ms. The settings might not be optimal. (flushed=0 and evicted=0, during the time.)
2023-03-12T02:39:47.331736Z 0 [Note] InnoDB: page_cleaner: 1000ms intended loop took 4630589ms. The settings might not be optimal. (flushed=0 and evicted=0, during the time.)
2023-03-12T02:51:20.180166Z 0 [Note] InnoDB: page_cleaner: 1000ms intended loop took 366733ms. The settings might not be optimal. (flushed=0 and evicted=0, during the time.)
2023-03-12T04:59:30.259962Z 0 [Note] InnoDB: page_cleaner: 1000ms intended loop took 1927847ms. The settings might not be optimal. (flushed=0 and evicted=0, during the time.)
2023-03-12T06:59:45.734846Z 0 [Note] InnoDB: page_cleaner: 1000ms intended loop took 7197742ms. The settings might not be optimal. (flushed=0 and evicted=0, during the time.)
2023-03-12T08:59:59.734855Z 0 [Note] InnoDB: page_cleaner: 1000ms intended loop took 7200111ms. The settings might not be optimal. (flushed=0 and evicted=0, during the time.)
2023-03-12T11:00:08.176195Z 0 [Note] InnoDB: page_cleaner: 1000ms intended loop took 7198063ms. The settings might not be optimal. (flushed=0 and evicted=0, during the time.)
2023-03-12T12:54:08.942276Z 0 [Note] InnoDB: page_cleaner: 1000ms intended loop took 6831362ms. The settings might not be optimal. (flushed=0 and evicted=0, during the time.)
2023-03-12T13:11:30.124821Z 0 [Note] InnoDB: page_cleaner: 1000ms intended loop took 313853ms. The settings might not be optimal. (flushed=0 and evicted=0, during the time.)
2023-03-12T16:12:15.179883Z 0 [Note] InnoDB: page_cleaner: 1000ms intended loop took 7171697ms. The settings might not be optimal. (flushed=0 and evicted=0, during the time.)
2023-03-12T18:12:38.839448Z 0 [Note] InnoDB: page_cleaner: 1000ms intended loop took 7197512ms. The settings might not be optimal. (flushed=0 and evicted=0, during the time.)
2023-03-12T20:12:47.557907Z 0 [Note] InnoDB: page_cleaner: 1000ms intended loop took 7200015ms. The settings might not be optimal. (flushed=0 and evicted=0, during the time.)
2023-03-12T21:34:18.560660Z 0 [Note] InnoDB: page_cleaner: 1000ms intended loop took 4881760ms. The settings might not be optimal. (flushed=0 and evicted=0, during the time.)
2023-03-12T22:01:40.192392Z 0 [Note] InnoDB: page_cleaner: 1000ms intended loop took 341471ms. The settings might not be optimal. (flushed=0 and evicted=0, during the time.)
2023-03-13T01:03:20.099796Z 0 [Note] InnoDB: page_cleaner: 1000ms intended loop took 7172317ms. The settings might not be optimal. (flushed=0 and evicted=0, during the time.)
2023-03-13T05:51:31.929921Z 0 [Note] InnoDB: page_cleaner: 1000ms intended loop took 121287ms. The settings might not be optimal. (flushed=0 and evicted=0, during the time.)
2023-03-13T07:45:32.242900Z 0 [Note] InnoDB: page_cleaner: 1000ms intended loop took 6803166ms. The settings might not be optimal. (flushed=0 and evicted=0, during the time.)
2023-03-13T09:26:34.012803Z 0 [Note] InnoDB: page_cleaner: 1000ms intended loop took 707121ms. The settings might not be optimal. (flushed=0 and evicted=0, during the time.)
2023-03-13T09:33:41.032775Z 0 [Note] InnoDB: page_cleaner: 1000ms intended loop took 408173ms. The settings might not be optimal. (flushed=0 and evicted=0, during the time.)
2023-03-13T09:46:42.817529Z 0 [Note] InnoDB: page_cleaner: 1000ms intended loop took 747604ms. The settings might not be optimal. (flushed=0 and evicted=0, during the time.)
2023-03-13T10:13:07.781437Z 0 [Note] InnoDB: page_cleaner: 1000ms intended loop took 1570934ms. The settings might not be optimal. (flushed=0 and evicted=0, during the time.)
2023-03-13T11:44:47.346922Z 0 [Note] InnoDB: page_cleaner: 1000ms intended loop took 768672ms. The settings might not be optimal. (flushed=0 and evicted=0, during the time.)
2023-03-13T12:46:18.589937Z 0 [Note] InnoDB: page_cleaner: 1000ms intended loop took 3655079ms. The settings might not be optimal. (flushed=0 and evicted=0, during the time.)
2023-03-13T16:02:26.409363Z 0 [Note] InnoDB: page_cleaner: 1000ms intended loop took 7194180ms. The settings might not be optimal. (flushed=0 and evicted=0, during the time.)
2023-03-13T17:48:05.715859Z 0 [Note] InnoDB: page_cleaner: 1000ms intended loop took 6329590ms. The settings might not be optimal. (flushed=0 and evicted=0, during the time.)
2023-03-13T17:57:30.822690Z 0 [Note] InnoDB: page_cleaner: 1000ms intended loop took 547860ms. The settings might not be optimal. (flushed=0 and evicted=0, during the time.)
2023-03-13T18:05:07.236336Z 0 [Note] InnoDB: page_cleaner: 1000ms intended loop took 414005ms. The settings might not be optimal. (flushed=0 and evicted=0, during the time.)
2023-03-13T18:07:29.055078Z 0 [Note] InnoDB: page_cleaner: 1000ms intended loop took 89734ms. The settings might not be optimal. (flushed=0 and evicted=0, during the time.)
2023-03-13T21:15:15.911294Z 0 [Note] InnoDB: page_cleaner: 1000ms intended loop took 1793353ms. The settings might not be optimal. (flushed=0 and evicted=0, during the time.)
2023-03-13T21:32:57.878713Z 0 [Note] InnoDB: page_cleaner: 1000ms intended loop took 958926ms. The settings might not be optimal. (flushed=0 and evicted=0, during the time.)
2023-03-13T21:37:34.351674Z 0 [Note] InnoDB: page_cleaner: 1000ms intended loop took 227440ms. The settings might not be optimal. (flushed=0 and evicted=0, during the time.)
2023-03-13T21:56:14.860441Z 0 [Note] InnoDB: page_cleaner: 1000ms intended loop took 1071440ms. The settings might not be optimal. (flushed=0 and evicted=0, during the time.)
2023-03-13T22:14:55.958203Z 0 [Note] InnoDB: page_cleaner: 1000ms intended loop took 1072006ms. The settings might not be optimal. (flushed=0 and evicted=0, during the time.)
2023-03-13T23:08:46.622706Z 0 [Note] InnoDB: page_cleaner: 1000ms intended loop took 3181763ms. The settings might not be optimal. (flushed=0 and evicted=0, during the time.)
2023-03-14T05:48:35.308049Z 0 [Note] InnoDB: page_cleaner: 1000ms intended loop took 7171441ms. The settings might not be optimal. (flushed=0 and evicted=0, during the time.)
2023-03-14T07:48:29.122933Z 0 [Note] InnoDB: page_cleaner: 1000ms intended loop took 7167497ms. The settings might not be optimal. (flushed=0 and evicted=0, during the time.)
2023-03-14T12:59:52.368799Z 0 [Note] InnoDB: page_cleaner: 1000ms intended loop took 7200848ms. The settings might not be optimal. (flushed=0 and evicted=0, during the time.)
2023-03-14T13:24:50.206779Z 0 [Note] InnoDB: page_cleaner: 1000ms intended loop took 1488619ms. The settings might not be optimal. (flushed=0 and evicted=0, during the time.)
2023-03-14T13:25:47.783319Z 0 [Note] InnoDB: page_cleaner: 1000ms intended loop took 48194ms. The settings might not be optimal. (flushed=0 and evicted=0, during the time.)
2023-03-14T14:32:20.554579Z 0 [Note] InnoDB: page_cleaner: 1000ms intended loop took 3969298ms. The settings might not be optimal. (flushed=0 and evicted=0, during the time.)
2023-03-14T14:33:37.350293Z 0 [Note] InnoDB: page_cleaner: 1000ms intended loop took 24014ms. The settings might not be optimal. (flushed=0 and evicted=0, during the time.)
2023-03-14T21:50:54.348720Z 0 [Note] InnoDB: page_cleaner: 1000ms intended loop took 59077ms. The settings might not be optimal. (flushed=0 and evicted=0, during the time.)
2023-03-14T22:19:47.672750Z 0 [Note] InnoDB: page_cleaner: 1000ms intended loop took 1684286ms. The settings might not be optimal. (flushed=0 and evicted=0, during the time.)
2023-03-14T22:38:17.683277Z 0 [Note] InnoDB: page_cleaner: 1000ms intended loop took 1050856ms. The settings might not be optimal. (flushed=0 and evicted=0, during the time.)
2023-03-14T22:56:17.636198Z 0 [Note] InnoDB: page_cleaner: 1000ms intended loop took 1022988ms. The settings might not be optimal. (flushed=0 and evicted=0, during the time.)
2023-03-14T23:13:36.664970Z 0 [Note] InnoDB: page_cleaner: 1000ms intended loop took 990014ms. The settings might not be optimal. (flushed=0 and evicted=0, during the time.)
2023-03-15T00:17:33.787294Z 0 [Note] InnoDB: page_cleaner: 1000ms intended loop took 3788050ms. The settings might not be optimal. (flushed=0 and evicted=0, during the time.)
2023-03-15T01:44:32.781971Z 0 [Note] InnoDB: page_cleaner: 1000ms intended loop took 5166985ms. The settings might not be optimal. (flushed=0 and evicted=0, during the time.)
2023-03-15T01:59:21.692395Z 0 [Note] InnoDB: page_cleaner: 1000ms intended loop took 836849ms. The settings might not be optimal. (flushed=0 and evicted=0, during the time.)
2023-03-15T02:34:10.009107Z 0 [Note] InnoDB: page_cleaner: 1000ms intended loop took 2039150ms. The settings might not be optimal. (flushed=0 and evicted=0, during the time.)
2023-03-15T03:08:52.983077Z 0 [Note] InnoDB: page_cleaner: 1000ms intended loop took 1724737ms. The settings might not be optimal. (flushed=0 and evicted=0, during the time.)
2023-03-15T04:22:28.081121Z 0 [Note] InnoDB: page_cleaner: 1000ms intended loop took 4111895ms. The settings might not be optimal. (flushed=0 and evicted=0, during the time.)
2023-03-15T05:39:27.173144Z 0 [Note] InnoDB: page_cleaner: 1000ms intended loop took 4567045ms. The settings might not be optimal. (flushed=0 and evicted=0, during the time.)
2023-03-15T06:53:13.252571Z 0 [Note] InnoDB: page_cleaner: 1000ms intended loop took 4374023ms. The settings might not be optimal. (flushed=0 and evicted=0, during the time.)
2023-03-15T08:06:44.367235Z 0 [Note] InnoDB: page_cleaner: 1000ms intended loop took 4359078ms. The settings might not be optimal. (flushed=0 and evicted=0, during the time.)
2023-03-15T09:26:05.418803Z 0 [Note] InnoDB: page_cleaner: 1000ms intended loop took 4709063ms. The settings might not be optimal. (flushed=0 and evicted=0, during the time.)
2023-03-15T09:49:04.351688Z 0 [Note] InnoDB: page_cleaner: 1000ms intended loop took 1326938ms. The settings might not be optimal. (flushed=0 and evicted=0, during the time.)
2023-03-15T12:10:39.876678Z 0 [Note] InnoDB: page_cleaner: 1000ms intended loop took 4889247ms. The settings might not be optimal. (flushed=0 and evicted=0, during the time.)
2023-03-15T12:30:59.704512Z 0 [Note] InnoDB: page_cleaner: 1000ms intended loop took 1209927ms. The settings might not be optimal. (flushed=0 and evicted=0, during the time.)
2023-03-15T13:03:17.831604Z 0 [Note] InnoDB: page_cleaner: 1000ms intended loop took 820980ms. The settings might not be optimal. (flushed=0 and evicted=0, during the time.)
2023-03-15T15:09:04.702964Z 0 [Note] InnoDB: page_cleaner: 1000ms intended loop took 7194336ms. The settings might not be optimal. (flushed=0 and evicted=0, during the time.)
2023-03-15T15:10:11.070794Z 0 [Note] InnoDB: page_cleaner: 1000ms intended loop took 48458ms. The settings might not be optimal. (flushed=0 and evicted=0, during the time.)
2023-03-15T17:10:27.732546Z 0 [Note] InnoDB: page_cleaner: 1000ms intended loop took 7198386ms. The settings might not be optimal. (flushed=0 and evicted=0, during the time.)
2023-03-15T17:32:53.650434Z 0 [Note] InnoDB: page_cleaner: 1000ms intended loop took 1336032ms. The settings might not be optimal. (flushed=0 and evicted=0, during the time.)
2023-03-15T20:19:58.839901Z 0 [Note] InnoDB: page_cleaner: 1000ms intended loop took 6552ms. The settings might not be optimal. (flushed=0 and evicted=0, during the time.)
2023-03-15T22:59:39.282226Z 0 [Note] InnoDB: page_cleaner: 1000ms intended loop took 7193720ms. The settings might not be optimal. (flushed=0 and evicted=0, during the time.)
2023-03-16T01:57:27.618482Z 0 [Note] InnoDB: page_cleaner: 1000ms intended loop took 2948580ms. The settings might not be optimal. (flushed=0 and evicted=0, during the time.)
2023-03-16T05:58:58.811164Z 0 [Note] InnoDB: page_cleaner: 1000ms intended loop took 7171099ms. The settings might not be optimal. (flushed=0 and evicted=0, during the time.)
2023-03-16T07:04:13.601525Z 0 [Note] InnoDB: page_cleaner: 1000ms intended loop took 3888926ms. The settings might not be optimal. (flushed=0 and evicted=0, during the time.)
2023-03-16T09:23:41.058556Z 0 [Note] InnoDB: page_cleaner: 1000ms intended loop took 660756ms. The settings might not be optimal. (flushed=0 and evicted=0, during the time.)
2023-03-16T22:55:09.865683Z 0 [Note] InnoDB: page_cleaner: 1000ms intended loop took 151917ms. The settings might not be optimal. (flushed=0 and evicted=0, during the time.)
2023-03-17T00:52:39.344426Z 0 [Note] InnoDB: page_cleaner: 1000ms intended loop took 7029471ms. The settings might not be optimal. (flushed=0 and evicted=0, during the time.)
2023-03-17T01:15:48.668669Z 0 [Note] InnoDB: page_cleaner: 1000ms intended loop took 1378771ms. The settings might not be optimal. (flushed=0 and evicted=0, during the time.)
2023-03-17T08:45:26.147558Z 0 [Note] InnoDB: page_cleaner: 1000ms intended loop took 335629ms. The settings might not be optimal. (flushed=0 and evicted=0, during the time.)
2023-03-17T08:46:43.468821Z 0 [Note] InnoDB: page_cleaner: 1000ms intended loop took 24946ms. The settings might not be optimal. (flushed=0 and evicted=0, during the time.)
2023-03-17T09:03:05.590878Z 0 [Note] InnoDB: page_cleaner: 1000ms intended loop took 933091ms. The settings might not be optimal. (flushed=0 and evicted=0, during the time.)
2023-03-17T09:20:00.619082Z 0 [Note] InnoDB: page_cleaner: 1000ms intended loop took 962984ms. The settings might not be optimal. (flushed=0 and evicted=0, during the time.)
2023-03-17T09:38:37.829099Z 0 [Note] InnoDB: page_cleaner: 1000ms intended loop took 1067580ms. The settings might not be optimal. (flushed=0 and evicted=0, during the time.)
2023-03-17T09:54:59.854256Z 0 [Note] InnoDB: page_cleaner: 1000ms intended loop took 932985ms. The settings might not be optimal. (flushed=0 and evicted=0, during the time.)
2023-03-17T10:15:12.879785Z 0 [Note] InnoDB: page_cleaner: 1000ms intended loop took 946813ms. The settings might not be optimal. (flushed=0 and evicted=0, during the time.)
2023-03-17T10:32:34.029766Z 0 [Note] InnoDB: page_cleaner: 1000ms intended loop took 989025ms. The settings might not be optimal. (flushed=0 and evicted=0, during the time.)
2023-03-17T10:49:02.043374Z 0 [Note] InnoDB: page_cleaner: 1000ms intended loop took 938945ms. The settings might not be optimal. (flushed=0 and evicted=0, during the time.)
2023-03-17T11:05:36.094810Z 0 [Note] InnoDB: page_cleaner: 1000ms intended loop took 908985ms. The settings might not be optimal. (flushed=0 and evicted=0, during the time.)
2023-03-17T12:25:00.671775Z 0 [Note] InnoDB: page_cleaner: 1000ms intended loop took 4715726ms. The settings might not be optimal. (flushed=0 and evicted=0, during the time.)
2023-03-17T12:50:05.616078Z 0 [Note] InnoDB: page_cleaner: 1000ms intended loop took 1454271ms. The settings might not be optimal. (flushed=0 and evicted=0, during the time.)
2023-03-17T13:57:44.113530Z 0 [Note] InnoDB: page_cleaner: 1000ms intended loop took 4008912ms. The settings might not be optimal. (flushed=0 and evicted=0, during the time.)
2023-03-17T14:10:44.787212Z 0 [Note] InnoDB: page_cleaner: 1000ms intended loop took 677460ms. The settings might not be optimal. (flushed=0 and evicted=0, during the time.)
2023-03-17T14:14:38.743729Z 0 [Note] InnoDB: page_cleaner: 1000ms intended loop took 133009ms. The settings might not be optimal. (flushed=0 and evicted=0, during the time.)
2023-03-17T14:20:32.965088Z 0 [Note] InnoDB: page_cleaner: 1000ms intended loop took 305196ms. The settings might not be optimal. (flushed=0 and evicted=0, during the time.)
2023-03-17T14:21:32.068437Z 0 [Note] InnoDB: page_cleaner: 1000ms intended loop took 10084ms. The settings might not be optimal. (flushed=0 and evicted=0, during the time.)
2023-03-17T14:38:01.212253Z 0 [Note] InnoDB: page_cleaner: 1000ms intended loop took 940118ms. The settings might not be optimal. (flushed=0 and evicted=0, during the time.)
2023-03-17T14:55:37.211820Z 0 [Note] InnoDB: page_cleaner: 1000ms intended loop took 1003932ms. The settings might not be optimal. (flushed=0 and evicted=0, during the time.)
2023-03-17T15:13:20.268296Z 0 [Note] InnoDB: page_cleaner: 1000ms intended loop took 1014016ms. The settings might not be optimal. (flushed=0 and evicted=0, during the time.)
2023-03-17T15:44:13.373432Z 0 [Note] InnoDB: page_cleaner: 1000ms intended loop took 1801071ms. The settings might not be optimal. (flushed=0 and evicted=0, during the time.)
2023-03-17T16:01:26.311176Z 0 [Note] InnoDB: page_cleaner: 1000ms intended loop took 983828ms. The settings might not be optimal. (flushed=0 and evicted=0, during the time.)
2023-03-17T17:29:31.141423Z 0 [Note] InnoDB: page_cleaner: 1000ms intended loop took 5232751ms. The settings might not be optimal. (flushed=0 and evicted=0, during the time.)
2023-03-17T17:46:29.496771Z 0 [Note] InnoDB: page_cleaner: 1000ms intended loop took 966778ms. The settings might not be optimal. (flushed=0 and evicted=0, during the time.)
2023-03-17T18:07:54.470752Z 0 [Note] InnoDB: page_cleaner: 1000ms intended loop took 1235974ms. The settings might not be optimal. (flushed=0 and evicted=0, during the time.)
2023-03-17T18:17:55.527808Z 0 [Note] InnoDB: page_cleaner: 1000ms intended loop took 551984ms. The settings might not be optimal. (flushed=0 and evicted=0, during the time.)
2023-03-17T18:34:58.543591Z 0 [Note] InnoDB: page_cleaner: 1000ms intended loop took 973964ms. The settings might not be optimal. (flushed=0 and evicted=0, during the time.)
2023-03-17T19:56:34.614206Z 0 [Note] InnoDB: page_cleaner: 1000ms intended loop took 4844027ms. The settings might not be optimal. (flushed=0 and evicted=0, during the time.)
2023-03-17T21:04:11.630834Z 0 [Note] InnoDB: page_cleaner: 1000ms intended loop took 4004989ms. The settings might not be optimal. (flushed=0 and evicted=0, during the time.)
2023-03-17T22:27:22.716586Z 0 [Note] InnoDB: page_cleaner: 1000ms intended loop took 4889019ms. The settings might not be optimal. (flushed=0 and evicted=0, during the time.)
2023-03-17T23:31:24.137470Z 0 [Note] InnoDB: page_cleaner: 1000ms intended loop took 3788353ms. The settings might not be optimal. (flushed=0 and evicted=0, during the time.)
2023-03-18T00:46:25.843335Z 0 [Note] InnoDB: page_cleaner: 1000ms intended loop took 4449503ms. The settings might not be optimal. (flushed=0 and evicted=0, during the time.)
2023-03-18T01:47:16.738576Z 0 [Note] InnoDB: page_cleaner: 1000ms intended loop took 403949ms. The settings might not be optimal. (flushed=0 and evicted=0, during the time.)
2023-03-18T02:42:40.197200Z 0 [Note] InnoDB: page_cleaner: 1000ms intended loop took 3283543ms. The settings might not be optimal. (flushed=0 and evicted=0, during the time.)
2023-03-18T02:43:22.452882Z 0 [Note] InnoDB: page_cleaner: 1000ms intended loop took 17288ms. The settings might not be optimal. (flushed=0 and evicted=0, during the time.)
2023-03-18T04:03:00.214839Z 0 [Note] InnoDB: page_cleaner: 1000ms intended loop took 4707728ms. The settings might not be optimal. (flushed=0 and evicted=0, during the time.)
2023-03-18T04:04:20.684238Z 0 [Note] InnoDB: page_cleaner: 1000ms intended loop took 71962ms. The settings might not be optimal. (flushed=0 and evicted=0, during the time.)
2023-03-18T05:11:22.799441Z 0 [Note] InnoDB: page_cleaner: 1000ms intended loop took 3954611ms. The settings might not be optimal. (flushed=0 and evicted=0, during the time.)
2023-03-18T05:12:41.353434Z 0 [Note] InnoDB: page_cleaner: 1000ms intended loop took 69872ms. The settings might not be optimal. (flushed=0 and evicted=0, during the time.)
2023-03-18T07:13:46.973762Z 0 [Note] InnoDB: page_cleaner: 1000ms intended loop took 7197987ms. The settings might not be optimal. (flushed=0 and evicted=0, during the time.)
2023-03-18T07:44:12.285900Z 0 [Note] InnoDB: page_cleaner: 1000ms intended loop took 1815360ms. The settings might not be optimal. (flushed=0 and evicted=0, during the time.)
2023-03-18T07:45:30.978267Z 0 [Note] InnoDB: page_cleaner: 1000ms intended loop took 68698ms. The settings might not be optimal. (flushed=0 and evicted=0, during the time.)
2023-03-18T07:51:04.340553Z 0 [Note] InnoDB: page_cleaner: 1000ms intended loop took 266337ms. The settings might not be optimal. (flushed=0 and evicted=0, during the time.)
2023-03-18T09:51:13.990309Z 0 [Note] InnoDB: page_cleaner: 1000ms intended loop took 7199624ms. The settings might not be optimal. (flushed=0 and evicted=0, during the time.)
2023-03-18T11:51:21.931140Z 0 [Note] InnoDB: page_cleaner: 1000ms intended loop took 7198079ms. The settings might not be optimal. (flushed=0 and evicted=0, during the time.)
2023-03-18T13:51:29.962271Z 0 [Note] InnoDB: page_cleaner: 1000ms intended loop took 7198118ms. The settings might not be optimal. (flushed=0 and evicted=0, during the time.)
2023-03-18T14:04:28.166176Z 0 [Note] InnoDB: page_cleaner: 1000ms intended loop took 768319ms. The settings might not be optimal. (flushed=0 and evicted=0, during the time.)
2023-03-18T14:16:27.020542Z 0 [Note] InnoDB: page_cleaner: 1000ms intended loop took 701841ms. The settings might not be optimal. (flushed=0 and evicted=0, during the time.)
2023-03-18T14:28:35.738009Z 0 [Note] InnoDB: page_cleaner: 1000ms intended loop took 179340ms. The settings might not be optimal. (flushed=0 and evicted=0, during the time.)
2023-03-18T14:33:40.023705Z 0 [Note] InnoDB: page_cleaner: 1000ms intended loop took 172062ms. The settings might not be optimal. (flushed=0 and evicted=0, during the time.)
2023-03-18T15:55:41.958088Z 0 [Note] InnoDB: page_cleaner: 1000ms intended loop took 2439628ms. The settings might not be optimal. (flushed=0 and evicted=0, during the time.)
2023-03-18T18:33:58.035195Z 0 [Note] InnoDB: page_cleaner: 1000ms intended loop took 6800292ms. The settings might not be optimal. (flushed=0 and evicted=0, during the time.)
2023-03-18T18:38:39.039125Z 0 [Note] InnoDB: page_cleaner: 1000ms intended loop took 126707ms. The settings might not be optimal. (flushed=0 and evicted=0, during the time.)
2023-03-18T18:44:10.745201Z 0 [Note] InnoDB: page_cleaner: 1000ms intended loop took 322150ms. The settings might not be optimal. (flushed=0 and evicted=0, during the time.)
2023-03-18T19:10:30.357798Z 0 [Note] InnoDB: page_cleaner: 1000ms intended loop took 18663ms. The settings might not be optimal. (flushed=0 and evicted=0, during the time.)
2023-03-18T21:19:33.325786Z 0 [Note] InnoDB: page_cleaner: 1000ms intended loop took 3600666ms. The settings might not be optimal. (flushed=10 and evicted=0, during the time.)
2023-03-18T23:18:51.663996Z 0 [Note] InnoDB: page_cleaner: 1000ms intended loop took 7153077ms. The settings might not be optimal. (flushed=0 and evicted=0, during the time.)
